mode: set
github.com/Desarrollo-de-Soluciones-Cloud/202612-MISW4204-Grupo11/internal/application/spaces/academic_period_service.go:15.95,17.2 1 1
github.com/Desarrollo-de-Soluciones-Cloud/202612-MISW4204-Grupo11/internal/application/spaces/academic_period_service.go:25.133,26.37 1 1
github.com/Desarrollo-de-Soluciones-Cloud/202612-MISW4204-Grupo11/internal/application/spaces/academic_period_service.go:26.37,28.3 1 1
github.com/Desarrollo-de-Soluciones-Cloud/202612-MISW4204-Grupo11/internal/application/spaces/academic_period_service.go:29.2,35.66 2 1
github.com/Desarrollo-de-Soluciones-Cloud/202612-MISW4204-Grupo11/internal/application/spaces/academic_period_service.go:35.66,37.3 1 0
github.com/Desarrollo-de-Soluciones-Cloud/202612-MISW4204-Grupo11/internal/application/spaces/academic_period_service.go:38.2,38.20 1 1
github.com/Desarrollo-de-Soluciones-Cloud/202612-MISW4204-Grupo11/internal/application/spaces/academic_period_service.go:41.111,43.2 1 1
github.com/Desarrollo-de-Soluciones-Cloud/202612-MISW4204-Grupo11/internal/application/spaces/academic_period_service.go:45.94,47.16 2 1
github.com/Desarrollo-de-Soluciones-Cloud/202612-MISW4204-Grupo11/internal/application/spaces/academic_period_service.go:47.16,49.3 1 0
github.com/Desarrollo-de-Soluciones-Cloud/202612-MISW4204-Grupo11/internal/application/spaces/academic_period_service.go:50.2,50.22 1 1
github.com/Desarrollo-de-Soluciones-Cloud/202612-MISW4204-Grupo11/internal/application/spaces/academic_period_service.go:50.22,52.3 1 1
github.com/Desarrollo-de-Soluciones-Cloud/202612-MISW4204-Grupo11/internal/application/spaces/academic_period_service.go:53.2,53.62 1 1
github.com/Desarrollo-de-Soluciones-Cloud/202612-MISW4204-Grupo11/internal/application/spaces/academic_space_service.go:19.25,21.2 1 1
github.com/Desarrollo-de-Soluciones-Cloud/202612-MISW4204-Grupo11/internal/application/spaces/academic_space_service.go:33.131,35.16 2 1
github.com/Desarrollo-de-Soluciones-Cloud/202612-MISW4204-Grupo11/internal/application/spaces/academic_space_service.go:35.16,37.3 1 1
github.com/Desarrollo-de-Soluciones-Cloud/202612-MISW4204-Grupo11/internal/application/spaces/academic_space_service.go:38.2,38.22 1 1
github.com/Desarrollo-de-Soluciones-Cloud/202612-MISW4204-Grupo11/internal/application/spaces/academic_space_service.go:38.22,40.3 1 1
github.com/Desarrollo-de-Soluciones-Cloud/202612-MISW4204-Grupo11/internal/application/spaces/academic_space_service.go:42.2,53.41 2 1
github.com/Desarrollo-de-Soluciones-Cloud/202612-MISW4204-Grupo11/internal/application/spaces/academic_space_service.go:53.41,55.3 1 1
github.com/Desarrollo-de-Soluciones-Cloud/202612-MISW4204-Grupo11/internal/application/spaces/academic_space_service.go:57.2,57.63 1 1
github.com/Desarrollo-de-Soluciones-Cloud/202612-MISW4204-Grupo11/internal/application/spaces/academic_space_service.go:57.63,59.3 1 0
github.com/Desarrollo-de-Soluciones-Cloud/202612-MISW4204-Grupo11/internal/application/spaces/academic_space_service.go:60.2,60.19 1 1
github.com/Desarrollo-de-Soluciones-Cloud/202612-MISW4204-Grupo11/internal/application/spaces/academic_space_service.go:63.127,65.16 2 1
github.com/Desarrollo-de-Soluciones-Cloud/202612-MISW4204-Grupo11/internal/application/spaces/academic_space_service.go:65.16,67.3 1 0
github.com/Desarrollo-de-Soluciones-Cloud/202612-MISW4204-Grupo11/internal/application/spaces/academic_space_service.go:68.2,68.38 1 1
github.com/Desarrollo-de-Soluciones-Cloud/202612-MISW4204-Grupo11/internal/application/spaces/academic_space_service.go:68.38,70.3 1 1
github.com/Desarrollo-de-Soluciones-Cloud/202612-MISW4204-Grupo11/internal/application/spaces/academic_space_service.go:71.2,71.19 1 0
github.com/Desarrollo-de-Soluciones-Cloud/202612-MISW4204-Grupo11/internal/application/spaces/academic_space_service.go:74.126,76.2 1 1
github.com/Desarrollo-de-Soluciones-Cloud/202612-MISW4204-Grupo11/internal/application/spaces/academic_space_service.go:78.110,80.2 1 1
github.com/Desarrollo-de-Soluciones-Cloud/202612-MISW4204-Grupo11/internal/application/spaces/academic_space_service.go:82.104,84.16 2 1
github.com/Desarrollo-de-Soluciones-Cloud/202612-MISW4204-Grupo11/internal/application/spaces/academic_space_service.go:84.16,86.3 1 0
github.com/Desarrollo-de-Soluciones-Cloud/202612-MISW4204-Grupo11/internal/application/spaces/academic_space_service.go:87.2,87.38 1 1
github.com/Desarrollo-de-Soluciones-Cloud/202612-MISW4204-Grupo11/internal/application/spaces/academic_space_service.go:87.38,89.3 1 0
github.com/Desarrollo-de-Soluciones-Cloud/202612-MISW4204-Grupo11/internal/application/spaces/academic_space_service.go:90.2,90.21 1 1
github.com/Desarrollo-de-Soluciones-Cloud/202612-MISW4204-Grupo11/internal/application/spaces/academic_space_service.go:90.21,92.3 1 1
github.com/Desarrollo-de-Soluciones-Cloud/202612-MISW4204-Grupo11/internal/application/spaces/academic_space_service.go:93.2,93.60 1 0
github.com/Desarrollo-de-Soluciones-Cloud/202612-MISW4204-Grupo11/internal/application/spaces/assigment_service.go:17.98,19.2 1 1
github.com/Desarrollo-de-Soluciones-Cloud/202612-MISW4204-Grupo11/internal/application/spaces/assigment_service.go:33.22,40.2 1 1
github.com/Desarrollo-de-Soluciones-Cloud/202612-MISW4204-Grupo11/internal/application/spaces/assigment_service.go:50.130,53.16 2 1
github.com/Desarrollo-de-Soluciones-Cloud/202612-MISW4204-Grupo11/internal/application/spaces/assigment_service.go:53.16,55.3 1 0
github.com/Desarrollo-de-Soluciones-Cloud/202612-MISW4204-Grupo11/internal/application/spaces/assigment_service.go:56.2,56.44 1 1
github.com/Desarrollo-de-Soluciones-Cloud/202612-MISW4204-Grupo11/internal/application/spaces/assigment_service.go:56.44,58.3 1 1
github.com/Desarrollo-de-Soluciones-Cloud/202612-MISW4204-Grupo11/internal/application/spaces/assigment_service.go:60.2,60.23 1 1
github.com/Desarrollo-de-Soluciones-Cloud/202612-MISW4204-Grupo11/internal/application/spaces/assigment_service.go:60.23,62.3 1 1
github.com/Desarrollo-de-Soluciones-Cloud/202612-MISW4204-Grupo11/internal/application/spaces/assigment_service.go:64.2,65.16 2 1
github.com/Desarrollo-de-Soluciones-Cloud/202612-MISW4204-Grupo11/internal/application/spaces/assigment_service.go:65.16,67.3 1 1
github.com/Desarrollo-de-Soluciones-Cloud/202612-MISW4204-Grupo11/internal/application/spaces/assigment_service.go:69.2,69.22 1 1
github.com/Desarrollo-de-Soluciones-Cloud/202612-MISW4204-Grupo11/internal/application/spaces/assigment_service.go:69.22,71.3 1 1
github.com/Desarrollo-de-Soluciones-Cloud/202612-MISW4204-Grupo11/internal/application/spaces/assigment_service.go:73.2,73.85 1 1
github.com/Desarrollo-de-Soluciones-Cloud/202612-MISW4204-Grupo11/internal/application/spaces/assigment_service.go:73.85,75.3 1 1
github.com/Desarrollo-de-Soluciones-Cloud/202612-MISW4204-Grupo11/internal/application/spaces/assigment_service.go:77.2,84.46 2 1
github.com/Desarrollo-de-Soluciones-Cloud/202612-MISW4204-Grupo11/internal/application/spaces/assigment_service.go:84.46,86.3 1 1
github.com/Desarrollo-de-Soluciones-Cloud/202612-MISW4204-Grupo11/internal/application/spaces/assigment_service.go:88.2,89.16 2 1
github.com/Desarrollo-de-Soluciones-Cloud/202612-MISW4204-Grupo11/internal/application/spaces/assigment_service.go:89.16,91.3 1 1
github.com/Desarrollo-de-Soluciones-Cloud/202612-MISW4204-Grupo11/internal/application/spaces/assigment_service.go:92.2,92.12 1 1
github.com/Desarrollo-de-Soluciones-Cloud/202612-MISW4204-Grupo11/internal/application/spaces/assigment_service.go:92.12,94.3 1 1
github.com/Desarrollo-de-Soluciones-Cloud/202612-MISW4204-Grupo11/internal/application/spaces/assigment_service.go:96.2,96.136 1 1
github.com/Desarrollo-de-Soluciones-Cloud/202612-MISW4204-Grupo11/internal/application/spaces/assigment_service.go:96.136,98.3 1 1
github.com/Desarrollo-de-Soluciones-Cloud/202612-MISW4204-Grupo11/internal/application/spaces/assigment_service.go:100.2,101.16 2 1
github.com/Desarrollo-de-Soluciones-Cloud/202612-MISW4204-Grupo11/internal/application/spaces/assigment_service.go:101.16,103.3 1 1
github.com/Desarrollo-de-Soluciones-Cloud/202612-MISW4204-Grupo11/internal/application/spaces/assigment_service.go:105.2,106.86 2 1
github.com/Desarrollo-de-Soluciones-Cloud/202612-MISW4204-Grupo11/internal/application/spaces/assigment_service.go:106.86,108.3 1 1
github.com/Desarrollo-de-Soluciones-Cloud/202612-MISW4204-Grupo11/internal/application/spaces/assigment_service.go:110.2,110.71 1 1
github.com/Desarrollo-de-Soluciones-Cloud/202612-MISW4204-Grupo11/internal/application/spaces/assigment_service.go:110.71,112.3 1 1
github.com/Desarrollo-de-Soluciones-Cloud/202612-MISW4204-Grupo11/internal/application/spaces/assigment_service.go:114.2,114.24 1 1
github.com/Desarrollo-de-Soluciones-Cloud/202612-MISW4204-Grupo11/internal/application/spaces/assigment_service.go:117.83,118.41 1 1
github.com/Desarrollo-de-Soluciones-Cloud/202612-MISW4204-Grupo11/internal/application/spaces/assigment_service.go:118.41,120.3 1 1
github.com/Desarrollo-de-Soluciones-Cloud/202612-MISW4204-Grupo11/internal/application/spaces/assigment_service.go:121.2,121.43 1 1
github.com/Desarrollo-de-Soluciones-Cloud/202612-MISW4204-Grupo11/internal/application/spaces/assigment_service.go:121.43,123.3 1 1
github.com/Desarrollo-de-Soluciones-Cloud/202612-MISW4204-Grupo11/internal/application/spaces/assigment_service.go:124.2,124.53 1 1
github.com/Desarrollo-de-Soluciones-Cloud/202612-MISW4204-Grupo11/internal/application/spaces/assigment_service.go:124.53,126.3 1 1
github.com/Desarrollo-de-Soluciones-Cloud/202612-MISW4204-Grupo11/internal/application/spaces/assigment_service.go:127.2,127.12 1 1
github.com/Desarrollo-de-Soluciones-Cloud/202612-MISW4204-Grupo11/internal/application/spaces/assigment_service.go:130.121,132.16 2 1
github.com/Desarrollo-de-Soluciones-Cloud/202612-MISW4204-Grupo11/internal/application/spaces/assigment_service.go:132.16,134.3 1 1
github.com/Desarrollo-de-Soluciones-Cloud/202612-MISW4204-Grupo11/internal/application/spaces/assigment_service.go:135.2,135.43 1 1
github.com/Desarrollo-de-Soluciones-Cloud/202612-MISW4204-Grupo11/internal/application/spaces/assigment_service.go:135.43,137.3 1 1
github.com/Desarrollo-de-Soluciones-Cloud/202612-MISW4204-Grupo11/internal/application/spaces/assigment_service.go:138.2,138.24 1 1
github.com/Desarrollo-de-Soluciones-Cloud/202612-MISW4204-Grupo11/internal/application/spaces/assigment_service.go:141.136,143.16 2 1
github.com/Desarrollo-de-Soluciones-Cloud/202612-MISW4204-Grupo11/internal/application/spaces/assigment_service.go:143.16,145.3 1 1
github.com/Desarrollo-de-Soluciones-Cloud/202612-MISW4204-Grupo11/internal/application/spaces/assigment_service.go:146.2,146.38 1 1
github.com/Desarrollo-de-Soluciones-Cloud/202612-MISW4204-Grupo11/internal/application/spaces/assigment_service.go:146.38,148.3 1 1
github.com/Desarrollo-de-Soluciones-Cloud/202612-MISW4204-Grupo11/internal/application/spaces/assigment_service.go:149.2,149.57 1 1
github.com/Desarrollo-de-Soluciones-Cloud/202612-MISW4204-Grupo11/internal/application/spaces/assigment_service.go:152.121,154.2 1 1
github.com/Desarrollo-de-Soluciones-Cloud/202612-MISW4204-Grupo11/internal/application/spaces/assigment_service.go:156.139,158.2 1 1
github.com/Desarrollo-de-Soluciones-Cloud/202612-MISW4204-Grupo11/internal/application/spaces/assigment_service.go:160.104,162.2 1 1
github.com/Desarrollo-de-Soluciones-Cloud/202612-MISW4204-Grupo11/internal/application/spaces/assigment_service.go:169.157,171.16 2 1
github.com/Desarrollo-de-Soluciones-Cloud/202612-MISW4204-Grupo11/internal/application/spaces/assigment_service.go:171.16,173.3 1 1
github.com/Desarrollo-de-Soluciones-Cloud/202612-MISW4204-Grupo11/internal/application/spaces/assigment_service.go:175.2,178.46 3 1
github.com/Desarrollo-de-Soluciones-Cloud/202612-MISW4204-Grupo11/internal/application/spaces/assigment_service.go:178.46,180.3 1 1
github.com/Desarrollo-de-Soluciones-Cloud/202612-MISW4204-Grupo11/internal/application/spaces/assigment_service.go:182.2,182.71 1 1
github.com/Desarrollo-de-Soluciones-Cloud/202612-MISW4204-Grupo11/internal/application/spaces/assigment_service.go:182.71,184.3 1 1
github.com/Desarrollo-de-Soluciones-Cloud/202612-MISW4204-Grupo11/internal/application/spaces/assigment_service.go:186.2,186.24 1 1
github.com/Desarrollo-de-Soluciones-Cloud/202612-MISW4204-Grupo11/internal/application/tasks/service.go:44.102,46.2 1 1
github.com/Desarrollo-de-Soluciones-Cloud/202612-MISW4204-Grupo11/internal/application/tasks/service.go:48.79,51.2 2 1
github.com/Desarrollo-de-Soluciones-Cloud/202612-MISW4204-Grupo11/internal/application/tasks/service.go:53.52,55.2 1 1
github.com/Desarrollo-de-Soluciones-Cloud/202612-MISW4204-Grupo11/internal/application/tasks/service.go:57.63,59.2 1 1
github.com/Desarrollo-de-Soluciones-Cloud/202612-MISW4204-Grupo11/internal/application/tasks/service.go:61.97,62.41 1 1
github.com/Desarrollo-de-Soluciones-Cloud/202612-MISW4204-Grupo11/internal/application/tasks/service.go:62.41,64.3 1 1
github.com/Desarrollo-de-Soluciones-Cloud/202612-MISW4204-Grupo11/internal/application/tasks/service.go:66.2,66.47 1 1
github.com/Desarrollo-de-Soluciones-Cloud/202612-MISW4204-Grupo11/internal/application/tasks/service.go:66.47,68.3 1 1
github.com/Desarrollo-de-Soluciones-Cloud/202612-MISW4204-Grupo11/internal/application/tasks/service.go:70.2,70.50 1 1
github.com/Desarrollo-de-Soluciones-Cloud/202612-MISW4204-Grupo11/internal/application/tasks/service.go:70.50,72.3 1 1
github.com/Desarrollo-de-Soluciones-Cloud/202612-MISW4204-Grupo11/internal/application/tasks/service.go:74.2,74.65 1 1
github.com/Desarrollo-de-Soluciones-Cloud/202612-MISW4204-Grupo11/internal/application/tasks/service.go:74.65,76.3 1 1
github.com/Desarrollo-de-Soluciones-Cloud/202612-MISW4204-Grupo11/internal/application/tasks/service.go:78.2,79.41 2 1
github.com/Desarrollo-de-Soluciones-Cloud/202612-MISW4204-Grupo11/internal/application/tasks/service.go:79.41,81.3 1 1
github.com/Desarrollo-de-Soluciones-Cloud/202612-MISW4204-Grupo11/internal/application/tasks/service.go:83.2,83.42 1 1
github.com/Desarrollo-de-Soluciones-Cloud/202612-MISW4204-Grupo11/internal/application/tasks/service.go:83.42,85.3 1 1
github.com/Desarrollo-de-Soluciones-Cloud/202612-MISW4204-Grupo11/internal/application/tasks/service.go:87.2,87.28 1 1
github.com/Desarrollo-de-Soluciones-Cloud/202612-MISW4204-Grupo11/internal/application/tasks/service.go:87.28,89.3 1 1
github.com/Desarrollo-de-Soluciones-Cloud/202612-MISW4204-Grupo11/internal/application/tasks/service.go:91.2,91.28 1 1
github.com/Desarrollo-de-Soluciones-Cloud/202612-MISW4204-Grupo11/internal/application/tasks/service.go:91.28,93.3 1 0
github.com/Desarrollo-de-Soluciones-Cloud/202612-MISW4204-Grupo11/internal/application/tasks/service.go:95.2,96.16 2 1
github.com/Desarrollo-de-Soluciones-Cloud/202612-MISW4204-Grupo11/internal/application/tasks/service.go:96.16,98.3 1 0
github.com/Desarrollo-de-Soluciones-Cloud/202612-MISW4204-Grupo11/internal/application/tasks/service.go:99.2,99.40 1 1
github.com/Desarrollo-de-Soluciones-Cloud/202612-MISW4204-Grupo11/internal/application/tasks/service.go:99.40,101.3 1 1
github.com/Desarrollo-de-Soluciones-Cloud/202612-MISW4204-Grupo11/internal/application/tasks/service.go:103.2,103.28 1 1
github.com/Desarrollo-de-Soluciones-Cloud/202612-MISW4204-Grupo11/internal/application/tasks/service.go:103.28,105.3 1 1
github.com/Desarrollo-de-Soluciones-Cloud/202612-MISW4204-Grupo11/internal/application/tasks/service.go:107.2,107.34 1 1
github.com/Desarrollo-de-Soluciones-Cloud/202612-MISW4204-Grupo11/internal/application/tasks/service.go:107.34,109.3 1 1
github.com/Desarrollo-de-Soluciones-Cloud/202612-MISW4204-Grupo11/internal/application/tasks/service.go:111.2,111.28 1 1
github.com/Desarrollo-de-Soluciones-Cloud/202612-MISW4204-Grupo11/internal/application/tasks/service.go:114.93,116.2 1 1
github.com/Desarrollo-de-Soluciones-Cloud/202612-MISW4204-Grupo11/internal/application/tasks/service.go:118.103,120.2 1 1
github.com/Desarrollo-de-Soluciones-Cloud/202612-MISW4204-Grupo11/internal/application/tasks/service.go:122.83,124.2 1 1
github.com/Desarrollo-de-Soluciones-Cloud/202612-MISW4204-Grupo11/internal/application/tasks/service.go:126.106,128.2 1 1
github.com/Desarrollo-de-Soluciones-Cloud/202612-MISW4204-Grupo11/internal/application/tasks/service.go:130.86,132.16 2 1
github.com/Desarrollo-de-Soluciones-Cloud/202612-MISW4204-Grupo11/internal/application/tasks/service.go:132.16,134.3 1 0
github.com/Desarrollo-de-Soluciones-Cloud/202612-MISW4204-Grupo11/internal/application/tasks/service.go:136.2,136.17 1 1
github.com/Desarrollo-de-Soluciones-Cloud/202612-MISW4204-Grupo11/internal/application/tasks/service.go:136.17,138.3 1 1
github.com/Desarrollo-de-Soluciones-Cloud/202612-MISW4204-Grupo11/internal/application/tasks/service.go:140.2,140.38 1 1
github.com/Desarrollo-de-Soluciones-Cloud/202612-MISW4204-Grupo11/internal/application/tasks/service.go:140.38,142.3 1 1
github.com/Desarrollo-de-Soluciones-Cloud/202612-MISW4204-Grupo11/internal/application/tasks/service.go:144.2,144.30 1 1
github.com/Desarrollo-de-Soluciones-Cloud/202612-MISW4204-Grupo11/internal/application/tasks/service.go:147.90,148.18 1 1
github.com/Desarrollo-de-Soluciones-Cloud/202612-MISW4204-Grupo11/internal/application/tasks/service.go:148.18,150.3 1 1
github.com/Desarrollo-de-Soluciones-Cloud/202612-MISW4204-Grupo11/internal/application/tasks/service.go:152.2,153.16 2 1
github.com/Desarrollo-de-Soluciones-Cloud/202612-MISW4204-Grupo11/internal/application/tasks/service.go:153.16,155.3 1 0
github.com/Desarrollo-de-Soluciones-Cloud/202612-MISW4204-Grupo11/internal/application/tasks/service.go:157.2,157.25 1 1
github.com/Desarrollo-de-Soluciones-Cloud/202612-MISW4204-Grupo11/internal/application/tasks/service.go:157.25,159.3 1 1
github.com/Desarrollo-de-Soluciones-Cloud/202612-MISW4204-Grupo11/internal/application/tasks/service.go:161.2,161.46 1 1
github.com/Desarrollo-de-Soluciones-Cloud/202612-MISW4204-Grupo11/internal/application/tasks/service.go:161.46,163.3 1 1
github.com/Desarrollo-de-Soluciones-Cloud/202612-MISW4204-Grupo11/internal/application/tasks/service.go:165.2,165.41 1 1
github.com/Desarrollo-de-Soluciones-Cloud/202612-MISW4204-Grupo11/internal/application/tasks/service.go:165.41,167.3 1 1
github.com/Desarrollo-de-Soluciones-Cloud/202612-MISW4204-Grupo11/internal/application/tasks/service.go:169.2,169.47 1 1
github.com/Desarrollo-de-Soluciones-Cloud/202612-MISW4204-Grupo11/internal/application/tasks/service.go:169.47,171.3 1 1
github.com/Desarrollo-de-Soluciones-Cloud/202612-MISW4204-Grupo11/internal/application/tasks/service.go:173.2,173.50 1 1
github.com/Desarrollo-de-Soluciones-Cloud/202612-MISW4204-Grupo11/internal/application/tasks/service.go:173.50,175.3 1 1
github.com/Desarrollo-de-Soluciones-Cloud/202612-MISW4204-Grupo11/internal/application/tasks/service.go:177.2,177.28 1 1
github.com/Desarrollo-de-Soluciones-Cloud/202612-MISW4204-Grupo11/internal/application/tasks/service.go:177.28,179.3 1 1
github.com/Desarrollo-de-Soluciones-Cloud/202612-MISW4204-Grupo11/internal/application/tasks/service.go:181.2,181.28 1 1
github.com/Desarrollo-de-Soluciones-Cloud/202612-MISW4204-Grupo11/internal/application/tasks/service.go:181.28,183.3 1 1
github.com/Desarrollo-de-Soluciones-Cloud/202612-MISW4204-Grupo11/internal/application/tasks/service.go:185.2,189.28 4 1
github.com/Desarrollo-de-Soluciones-Cloud/202612-MISW4204-Grupo11/internal/application/tasks/service.go:192.128,194.16 2 1
github.com/Desarrollo-de-Soluciones-Cloud/202612-MISW4204-Grupo11/internal/application/tasks/service.go:194.16,196.3 1 0
github.com/Desarrollo-de-Soluciones-Cloud/202612-MISW4204-Grupo11/internal/application/tasks/service.go:198.2,198.17 1 1
github.com/Desarrollo-de-Soluciones-Cloud/202612-MISW4204-Grupo11/internal/application/tasks/service.go:198.17,200.3 1 1
github.com/Desarrollo-de-Soluciones-Cloud/202612-MISW4204-Grupo11/internal/application/tasks/service.go:202.2,202.38 1 1
github.com/Desarrollo-de-Soluciones-Cloud/202612-MISW4204-Grupo11/internal/application/tasks/service.go:202.38,204.3 1 1
github.com/Desarrollo-de-Soluciones-Cloud/202612-MISW4204-Grupo11/internal/application/tasks/service.go:206.2,206.24 1 1
github.com/Desarrollo-de-Soluciones-Cloud/202612-MISW4204-Grupo11/internal/application/tasks/service.go:206.24,208.3 1 1
github.com/Desarrollo-de-Soluciones-Cloud/202612-MISW4204-Grupo11/internal/application/tasks/service.go:209.2,209.30 1 1
github.com/Desarrollo-de-Soluciones-Cloud/202612-MISW4204-Grupo11/internal/application/tasks/service.go:209.30,211.3 1 0
github.com/Desarrollo-de-Soluciones-Cloud/202612-MISW4204-Grupo11/internal/application/tasks/service.go:212.2,212.25 1 1
github.com/Desarrollo-de-Soluciones-Cloud/202612-MISW4204-Grupo11/internal/application/tasks/service.go:212.25,214.3 1 0
github.com/Desarrollo-de-Soluciones-Cloud/202612-MISW4204-Grupo11/internal/application/tasks/service.go:215.2,215.31 1 1
github.com/Desarrollo-de-Soluciones-Cloud/202612-MISW4204-Grupo11/internal/application/tasks/service.go:215.31,217.3 1 1
github.com/Desarrollo-de-Soluciones-Cloud/202612-MISW4204-Grupo11/internal/application/tasks/service.go:218.2,218.31 1 1
github.com/Desarrollo-de-Soluciones-Cloud/202612-MISW4204-Grupo11/internal/application/tasks/service.go:218.31,220.3 1 0
github.com/Desarrollo-de-Soluciones-Cloud/202612-MISW4204-Grupo11/internal/application/tasks/service.go:222.2,222.41 1 1
github.com/Desarrollo-de-Soluciones-Cloud/202612-MISW4204-Grupo11/internal/application/tasks/service.go:222.41,224.3 1 1
github.com/Desarrollo-de-Soluciones-Cloud/202612-MISW4204-Grupo11/internal/application/tasks/service.go:225.2,225.47 1 1
github.com/Desarrollo-de-Soluciones-Cloud/202612-MISW4204-Grupo11/internal/application/tasks/service.go:225.47,227.3 1 0
github.com/Desarrollo-de-Soluciones-Cloud/202612-MISW4204-Grupo11/internal/application/tasks/service.go:228.2,228.50 1 1
github.com/Desarrollo-de-Soluciones-Cloud/202612-MISW4204-Grupo11/internal/application/tasks/service.go:228.50,230.3 1 0
github.com/Desarrollo-de-Soluciones-Cloud/202612-MISW4204-Grupo11/internal/application/tasks/service.go:231.2,231.28 1 1
github.com/Desarrollo-de-Soluciones-Cloud/202612-MISW4204-Grupo11/internal/application/tasks/service.go:231.28,233.3 1 1
github.com/Desarrollo-de-Soluciones-Cloud/202612-MISW4204-Grupo11/internal/application/tasks/service.go:234.2,234.28 1 1
github.com/Desarrollo-de-Soluciones-Cloud/202612-MISW4204-Grupo11/internal/application/tasks/service.go:234.28,236.3 1 1
github.com/Desarrollo-de-Soluciones-Cloud/202612-MISW4204-Grupo11/internal/application/tasks/service.go:238.2,238.44 1 1
github.com/Desarrollo-de-Soluciones-Cloud/202612-MISW4204-Grupo11/internal/application/tasks/service.go:238.44,240.3 1 0
github.com/Desarrollo-de-Soluciones-Cloud/202612-MISW4204-Grupo11/internal/application/tasks/service.go:242.2,242.18 1 1
github.com/Desarrollo-de-Soluciones-Cloud/202612-MISW4204-Grupo11/internal/application/tasks/service.go:245.96,246.18 1 1
github.com/Desarrollo-de-Soluciones-Cloud/202612-MISW4204-Grupo11/internal/application/tasks/service.go:246.18,248.3 1 1
github.com/Desarrollo-de-Soluciones-Cloud/202612-MISW4204-Grupo11/internal/application/tasks/service.go:250.2,251.16 2 1
github.com/Desarrollo-de-Soluciones-Cloud/202612-MISW4204-Grupo11/internal/application/tasks/service.go:251.16,253.3 1 0
github.com/Desarrollo-de-Soluciones-Cloud/202612-MISW4204-Grupo11/internal/application/tasks/service.go:255.2,255.25 1 1
github.com/Desarrollo-de-Soluciones-Cloud/202612-MISW4204-Grupo11/internal/application/tasks/service.go:255.25,257.3 1 1
github.com/Desarrollo-de-Soluciones-Cloud/202612-MISW4204-Grupo11/internal/application/tasks/service.go:259.2,259.46 1 1
github.com/Desarrollo-de-Soluciones-Cloud/202612-MISW4204-Grupo11/internal/application/tasks/service.go:259.46,261.3 1 1
github.com/Desarrollo-de-Soluciones-Cloud/202612-MISW4204-Grupo11/internal/application/tasks/service.go:263.2,263.50 1 1
github.com/Desarrollo-de-Soluciones-Cloud/202612-MISW4204-Grupo11/internal/application/tasks/service.go:263.50,265.3 1 1
github.com/Desarrollo-de-Soluciones-Cloud/202612-MISW4204-Grupo11/internal/application/tasks/service.go:267.2,269.42 2 1
github.com/Desarrollo-de-Soluciones-Cloud/202612-MISW4204-Grupo11/internal/application/tasks/service.go:272.146,274.16 2 1
github.com/Desarrollo-de-Soluciones-Cloud/202612-MISW4204-Grupo11/internal/application/tasks/service.go:274.16,275.45 1 1
github.com/Desarrollo-de-Soluciones-Cloud/202612-MISW4204-Grupo11/internal/application/tasks/service.go:275.45,277.4 1 1
github.com/Desarrollo-de-Soluciones-Cloud/202612-MISW4204-Grupo11/internal/application/tasks/service.go:278.3,278.18 1 0
github.com/Desarrollo-de-Soluciones-Cloud/202612-MISW4204-Grupo11/internal/application/tasks/service.go:281.2,282.16 2 1
github.com/Desarrollo-de-Soluciones-Cloud/202612-MISW4204-Grupo11/internal/application/tasks/service.go:282.16,284.3 1 0
github.com/Desarrollo-de-Soluciones-Cloud/202612-MISW4204-Grupo11/internal/application/tasks/service.go:286.2,288.23 3 1
github.com/Desarrollo-de-Soluciones-Cloud/202612-MISW4204-Grupo11/internal/application/tasks/service.go:288.23,290.3 1 0
github.com/Desarrollo-de-Soluciones-Cloud/202612-MISW4204-Grupo11/internal/application/tasks/service.go:292.2,293.16 2 1
github.com/Desarrollo-de-Soluciones-Cloud/202612-MISW4204-Grupo11/internal/application/tasks/service.go:293.16,295.3 1 0
github.com/Desarrollo-de-Soluciones-Cloud/202612-MISW4204-Grupo11/internal/application/tasks/service.go:296.2,299.22 3 1
github.com/Desarrollo-de-Soluciones-Cloud/202612-MISW4204-Grupo11/internal/application/tasks/service.go:299.22,301.17 2 0
github.com/Desarrollo-de-Soluciones-Cloud/202612-MISW4204-Grupo11/internal/application/tasks/service.go:301.17,303.4 1 0
github.com/Desarrollo-de-Soluciones-Cloud/202612-MISW4204-Grupo11/internal/application/tasks/service.go:304.3,304.28 1 0
github.com/Desarrollo-de-Soluciones-Cloud/202612-MISW4204-Grupo11/internal/application/tasks/service.go:305.8,307.57 2 1
github.com/Desarrollo-de-Soluciones-Cloud/202612-MISW4204-Grupo11/internal/application/tasks/service.go:307.57,309.4 1 0
github.com/Desarrollo-de-Soluciones-Cloud/202612-MISW4204-Grupo11/internal/application/tasks/service.go:310.3,310.25 1 1
github.com/Desarrollo-de-Soluciones-Cloud/202612-MISW4204-Grupo11/internal/application/tasks/service.go:313.2,320.58 2 1
github.com/Desarrollo-de-Soluciones-Cloud/202612-MISW4204-Grupo11/internal/application/tasks/service.go:320.58,322.3 1 1
github.com/Desarrollo-de-Soluciones-Cloud/202612-MISW4204-Grupo11/internal/application/tasks/service.go:324.2,324.24 1 1
github.com/Desarrollo-de-Soluciones-Cloud/202612-MISW4204-Grupo11/internal/application/tasks/service.go:327.100,330.16 3 1
github.com/Desarrollo-de-Soluciones-Cloud/202612-MISW4204-Grupo11/internal/application/tasks/service.go:330.16,332.3 1 1
github.com/Desarrollo-de-Soluciones-Cloud/202612-MISW4204-Grupo11/internal/application/tasks/service.go:334.2,335.16 2 1
github.com/Desarrollo-de-Soluciones-Cloud/202612-MISW4204-Grupo11/internal/application/tasks/service.go:335.16,337.3 1 0
github.com/Desarrollo-de-Soluciones-Cloud/202612-MISW4204-Grupo11/internal/application/tasks/service.go:339.2,339.25 1 1
github.com/Desarrollo-de-Soluciones-Cloud/202612-MISW4204-Grupo11/internal/application/tasks/service.go:342.61,344.16 2 1
github.com/Desarrollo-de-Soluciones-Cloud/202612-MISW4204-Grupo11/internal/application/tasks/service.go:344.16,346.3 1 0
github.com/Desarrollo-de-Soluciones-Cloud/202612-MISW4204-Grupo11/internal/application/tasks/service.go:347.2,349.62 2 1
github.com/Desarrollo-de-Soluciones-Cloud/202612-MISW4204-Grupo11/internal/application/tasks/service.go:349.62,351.3 1 0
github.com/Desarrollo-de-Soluciones-Cloud/202612-MISW4204-Grupo11/internal/application/tasks/service.go:353.2,354.16 2 1
github.com/Desarrollo-de-Soluciones-Cloud/202612-MISW4204-Grupo11/internal/application/tasks/service.go:354.16,356.3 1 0
github.com/Desarrollo-de-Soluciones-Cloud/202612-MISW4204-Grupo11/internal/application/tasks/service.go:357.2,360.12 3 1
github.com/Desarrollo-de-Soluciones-Cloud/202612-MISW4204-Grupo11/internal/application/tasks/service.go:363.118,366.16 2 1
github.com/Desarrollo-de-Soluciones-Cloud/202612-MISW4204-Grupo11/internal/application/tasks/service.go:366.16,368.3 1 1
github.com/Desarrollo-de-Soluciones-Cloud/202612-MISW4204-Grupo11/internal/application/tasks/service.go:369.2,369.69 1 1
github.com/Desarrollo-de-Soluciones-Cloud/202612-MISW4204-Grupo11/internal/application/tasks/service.go:369.69,371.3 1 1
github.com/Desarrollo-de-Soluciones-Cloud/202612-MISW4204-Grupo11/internal/application/tasks/service.go:373.2,374.16 2 1
github.com/Desarrollo-de-Soluciones-Cloud/202612-MISW4204-Grupo11/internal/application/tasks/service.go:374.16,376.3 1 1
github.com/Desarrollo-de-Soluciones-Cloud/202612-MISW4204-Grupo11/internal/application/tasks/service.go:378.2,378.19 1 1
github.com/Desarrollo-de-Soluciones-Cloud/202612-MISW4204-Grupo11/internal/application/tasks/service.go:381.61,382.62 1 1
github.com/Desarrollo-de-Soluciones-Cloud/202612-MISW4204-Grupo11/internal/application/tasks/service.go:382.62,384.3 1 0
github.com/Desarrollo-de-Soluciones-Cloud/202612-MISW4204-Grupo11/internal/application/tasks/service.go:386.2,387.16 2 1
github.com/Desarrollo-de-Soluciones-Cloud/202612-MISW4204-Grupo11/internal/application/tasks/service.go:387.16,389.3 1 0
github.com/Desarrollo-de-Soluciones-Cloud/202612-MISW4204-Grupo11/internal/application/tasks/service.go:390.2,393.12 3 1
